{"name": "test_UserRegistration_001", "status": "failed", "statusDetails": {"message": "AssertionError: assert False", "trace": "self = <testCases.test_UserProfile.Test_User_Profile object at 0x0000018F1BFF2490>\nsetup = <selenium.webdriver.edge.webdriver.WebDriver (session=\"90b63774785953e145cd83bbd1adb7c5\")>\n\n    def test_UserRegistration_001(self, setup):\n        self.driver = setup\n        # 1 Browser Open\n        # self.driver = webdriver.Firefox()\n    \n        self.ur = UserProfile_Class(self.driver)\n        # 2 Go to registration url\n        self.driver.get(\"https://automation.credence.in/register\")\n    \n        # 3 Enter Name\n        # driver.find_element(By.ID, 'name').send_keys(\"Rohit\")\n        self.ur.Enter_Name(\"Rohit\")\n    \n        # 4 Enter EMail Id\n        # self.driver.find_element(By.ID, 'email').send_keys(\"Rohit3442@credence.in\")\n        self.ur.Enter_Email(\"Rohits1111@credence.in\")\n    \n        # 5 Enter Password\n        # self.driver.find_element(By.ID, 'password').send_keys(\"rohit@123\")\n        self.ur.Enter_Password(\"Rohit123\")\n    \n        # 6 Enter Confirm Password\n        # self.driver.find_element(By.ID, \"password-confirm\").send_keys(\"rohit@123\")\n        self.ur.Enter_ConfirmPassword(\"Rohit123\")\n    \n        # 7 Click on Register button\n        # self.driver.find_element(By.XPATH, \"//button[@type='submit']\").click()\n    \n        self.ur.Click_Login_Or_RegisterButton()\n    \n        # 7 Validate Registration\n        # try:\n        #     self.driver.find_element(By.XPATH, \"//h2[normalize-space()='CredKart']\")\n        #     print(\"Registration Pass\")\n        #     assert True\n        # except:\n        #     print(\"Registration Fail\")\n        #     assert False\n    \n    \n    \n        if self.ur.Validate_Login_Or_Registration() == \"Login or Registration Pass\":\n            self.driver.save_screenshot(\n                \"C:\\\\Users\\\\HP\\\\Desktop\\\\Python revision Jan 24\\\\Pytest_Credkart\\\\Screenshots\\\\Registration_Pass.png\")\n            self.driver.close()\n            assert True\n        else:\n            self.driver.save_screenshot(\n                \"C:\\\\Users\\\\HP\\\\Desktop\\\\Python revision Jan 24\\\\Pytest_Credkart\\\\Screenshots\\\\Registration_Fail.png\")\n            self.driver.close()\n>           assert False\nE           assert False\n\ntestCases\\test_UserProfile.py:60: AssertionError"}, "attachments": [{"name": "stdout", "source": "270ffeb2-5fc9-4c9d-b6bc-8c840133345c-attachment.txt", "type": "text/plain"}], "start": 1704601908281, "stop": 1704601916820, "uuid": "a965c5f8-7586-4604-a3fc-110bdbbb2806", "historyId": "4afa1af993bf5b6fb6aaa665673bd860", "testCaseId": "4afa1af993bf5b6fb6aaa665673bd860", "fullName": "testCases.test_UserProfile.Test_User_Profile#test_UserRegistration_001", "labels": [{"name": "parentSuite", "value": "testCases"}, {"name": "suite", "value": "test_UserProfile"}, {"name": "subSuite", "value": "Test_User_Profile"}, {"name": "host", "value": "Tushar-Pc"}, {"name": "thread", "value": "13348-MainThread"}, {"name": "framework", "value": "pytest"}, {"name": "language", "value": "cpython3"}, {"name": "package", "value": "testCases.test_UserProfile"}]}