{"name": "test_UserLogin_002", "status": "failed", "statusDetails": {"message": "AssertionError: assert False", "trace": "self = <testCases.test_UserProfile.Test_User_Profile object at 0x000001D9B403F650>\nsetup = <selenium.webdriver.edge.webdriver.WebDriver (session=\"9da759c0c5547d8c3ab5560a0be86cfd\")>\n\n    def test_UserLogin_002(self, setup):\n        self.driver = setup\n        # 1 Browser Open\n        # 2 Go to Url https://automation.credence.in/login\n        self.driver.get(\"https://automation.credence.in/login\")\n        self.ur = UserProfile_Class(self.driver)\n        # 3 Enter email\n        # driver.find_element(By.XPATH, \"//input[@id='email']\").send_keys(\"Rohit344@credence.in\")\n        self.ur.Enter_Email(\"Rohits@credence.in\")\n        # 4 Enter Password\n        # driver.find_element(By.XPATH, \"//input[@id='password']\").send_keys(\"rohit@123\")\n        self.ur.Enter_Password(\"Rohit1234\")\n        # 5 Click on Login button\n        # driver.find_element(By.CSS_SELECTOR, \"button[type='submit']\").click()\n        self.ur.Click_Login_Or_RegisterButton()\n        # 6 Validate Login\n        if self.ur.Validate_Login_Or_Registration() == \"Login or Registration Pass\":\n            self.driver.save_screenshot(\n                \"C:\\\\Users\\\\HP\\\\Desktop\\\\Python revision Jan 24\\\\Pytest_Credkart\\\\Screenshots\\\\Login_Pass.png\")\n    \n            self.driver.close()\n            assert True\n        else:\n            self.driver.save_screenshot(\n                \"C:\\\\Users\\\\HP\\\\Desktop\\\\Python revision Jan 24\\\\Pytest_Credkart\\\\Screenshots\\\\Login_Fail.png\")\n    \n            self.driver.close()\n>           assert False\nE           assert False\n\ntestCases\\test_UserProfile.py:89: AssertionError"}, "attachments": [{"name": "stdout", "source": "40c623f6-823b-45f8-ae74-fdfb746f66fc-attachment.txt", "type": "text/plain"}], "start": 1704601890162, "stop": 1704601908591, "uuid": "31f99caa-ee85-4518-985c-83061a30e5f7", "historyId": "f9656eb1ecd5e234b06968e36c9922ba", "testCaseId": "f9656eb1ecd5e234b06968e36c9922ba", "fullName": "testCases.test_UserProfile.Test_User_Profile#test_UserLogin_002", "labels": [{"name": "parentSuite", "value": "testCases"}, {"name": "suite", "value": "test_UserProfile"}, {"name": "subSuite", "value": "Test_User_Profile"}, {"name": "host", "value": "Tushar-Pc"}, {"name": "thread", "value": "10312-MainThread"}, {"name": "framework", "value": "pytest"}, {"name": "language", "value": "cpython3"}, {"name": "package", "value": "testCases.test_UserProfile"}]}